<?xml version="1.0" encoding="UTF-8"?>
<!-- Generated by org.testng.reporters.JUnitReportReporter -->
<testsuite hostname="JannatSorna" failures="0" tests="1" name="testcase.SC_login_T001" time="41.527" errors="0" timestamp="2023-12-19T15:18:41 BDT" skipped="0">
  <testcase classname="testcase.SC_login_T001" name="sorna" time="41.527"/>
  <system-out/>
</testsuite> <!-- testcase.SC_login_T001 -->
