<?xml version="1.0" encoding="UTF-8"?>
<!-- Generated by org.testng.reporters.JUnitReportReporter -->
<testsuite hostname="JannatSorna" failures="0" tests="1" name="testcase.TC004" time="15.706" errors="0" timestamp="2023-10-12T16:44:44 BDT" skipped="0">
  <testcase classname="testcase.TC004" name="sorna" time="15.706"/>
  <system-out/>
</testsuite> <!-- testcase.TC004 -->
