<?xml version="1.0" encoding="UTF-8"?>
<!-- Generated by org.testng.reporters.JUnitReportReporter -->
<testsuite hostname="JannatSorna" failures="0" tests="1" name="testcase.TC001" time="17.870" errors="0" timestamp="2023-12-19T14:25:59 BDT" skipped="0">
  <testcase classname="testcase.TC001" name="sorna" time="17.870"/>
  <system-out/>
</testsuite> <!-- testcase.TC001 -->
