<?xml version="1.0" encoding="UTF-8"?>
<!-- Generated by org.testng.reporters.JUnitReportReporter -->
<testsuite hostname="JannatSorna" failures="0" tests="1" name="testcase.TC002" time="17.511" errors="0" timestamp="2023-12-19T14:27:14 BDT" skipped="0">
  <testcase classname="testcase.TC002" name="sorna" time="17.511"/>
  <system-out/>
</testsuite> <!-- testcase.TC002 -->
