<?xml version="1.0" encoding="UTF-8"?>
<!-- Generated by org.testng.reporters.JUnitReportReporter -->
<testsuite hostname="JannatSorna" failures="0" tests="1" name="testcase.TC003" time="14.878" errors="0" timestamp="2023-10-04T14:33:21 BDT" skipped="0">
  <testcase classname="testcase.TC003" name="sorna" time="14.878"/>
  <system-out/>
</testsuite> <!-- testcase.TC003 -->
